The HCMV genome (NC_006273.2) has 169 CDS.

sample	condition	min_tpm	med_tpm	mean_tpm	max_tpm
miniSRR5660030	2dpi	0.0	2043.78	5917.159787573964	83945.4
miniSRR5660033	6dpi	0.0	1948.02	5917.157124260355	181382.0
miniSRR5660044	2dpi	0.0	1852.19	5917.162600591716	237447.0
miniSRR5660045	6dpi	0.0	1064.08	5917.158244970414	402443.0

target_id	test_stat	pval	qval
YP_081547.1	15.7270073111683	7.31719305256264e-05	0.00679928079112819
YP_081552.1	15.1781019179887	9.78313782896142e-05	0.00679928079112819
YP_081521.1	12.988230538672	0.000313455050328074	0.0115907350419408
YP_081530.1	12.8719362375177	0.000333546332142182	0.0115907350419408
YP_081551.1	10.9099007059218	0.000956516524798645	0.0219693123814666
YP_081490.1	10.8021260082055	0.00101383596100511	0.0219693123814666
YP_081599.1	10.640515594312	0.00110636824942638	0.0219693123814666
YP_081576.1	9.79272517082751	0.00175203617501873	0.0304416285409504
YP_081601.1	9.4939486047298	0.00206150681297487	0.0318388274448341
YP_081600.1	9.15708271005024	0.00247757230915436	0.0344382550972456
YP_081613.1	8.70799249101128	0.00316817905330561	0.04003426258268
YP_081531.1	8.36029249918345	0.00383508830335193	0.0444190243076101
YP_007947989.1	8.21511106495733	0.00415429723740238	0.0444190243076101

Donor 1 (2dpi) had 10000 read pairs before Bowtie2 filtering and 6850 read pairs after.
Donor 1 (6dpi) had 10000 read pairs before Bowtie2 filtering and 6193 read pairs after.
Donor 3 (2dpi) had 10000 read pairs before Bowtie2 filtering and 7049 read pairs after.
Donor 3 (6dpi) had 10000 read pairs before Bowtie2 filtering and 5083 read pairs after.

spades.py -k 77 -t 2 --only-assembler --pe1-1 /home/2025/ckrueger2/trial/pipelineproject_claudia_krueger/bowtie/miniSRR5660030_mapped1.fastq.gz --pe1-2 /home/2025/ckrueger2/trial/pipelineproject_claudia_krueger/bowtie/miniSRR5660030_mapped2.fastq.gz --pe2-1 /home/2025/ckrueger2/trial/pipelineproject_claudia_krueger/bowtie/miniSRR5660033_mapped1.fastq.gz --pe2-2 /home/2025/ckrueger2/trial/pipelineproject_claudia_krueger/bowtie/miniSRR5660033_mapped2.fastq.gz -o /home/2025/ckrueger2/trial/pipelineproject_claudia_krueger/Donor1_assembly/
spades.py -k 77 -t 2 --only-assembler --pe1-1 /home/2025/ckrueger2/trial/pipelineproject_claudia_krueger/bowtie/miniSRR5660044_mapped1.fastq.gz --pe1-2 /home/2025/ckrueger2/trial/pipelineproject_claudia_krueger/bowtie/miniSRR5660044_mapped2.fastq.gz --pe2-1 /home/2025/ckrueger2/trial/pipelineproject_claudia_krueger/bowtie/miniSRR5660045_mapped1.fastq.gz --pe2-2 /home/2025/ckrueger2/trial/pipelineproject_claudia_krueger/bowtie/miniSRR5660045_mapped2.fastq.gz -o /home/2025/ckrueger2/trial/pipelineproject_claudia_krueger/Donor3_assembly/

Donor1:
sacc	pident	length	qstart	qend	sstart	send	bitscore	evalue	stitle
EF999921.1	99.936	4660	13	4671	85964	90623	8588	0.0	EF999921.1 Human herpesvirus 5 strain TB40/E clone TB40-BAC4, complete sequence
KF297339.1	99.936	4660	13	4671	53923	58582	8588	0.0	KF297339.1 Human herpesvirus 5 strain TB40/E clone Lisa, complete genome
KX544839.1	99.936	4660	13	4671	85947	90606	8588	0.0	KX544839.1 Human betaherpesvirus 5 isolate TB40-E_UNC, complete genome
MT070140.1	99.936	4660	13	4671	53694	58353	8588	0.0	MT070140.1 UNVERIFIED: Human betaherpesvirus 5 isolate P10, complete genome
MW439039.1	99.936	4660	13	4671	53322	57981	8588	0.0	MW439039.1 Human betaherpesvirus 5 strain TB40/EE, complete genome
MW439038.1	99.936	4660	13	4671	53322	57981	8588	0.0	MW439038.1 Human betaherpesvirus 5 strain TB40/EF, complete genome
MT044484.1	99.893	4660	13	4671	53275	57934	8576	0.0	MT044484.1 Human betaherpesvirus 5 strain HAN-SOT4, complete genome
OU342911.1	99.893	4660	13	4671	53367	58026	8576	0.0	OU342911.1 Human betaherpesvirus 5 isolate PRA06 genome assembly, complete genome: monopartite
KJ361955.1	99.807	4660	13	4671	53228	57887	8554	0.0	KJ361955.1 Human herpesvirus 5 strain HAN33, complete genome
KP745717.1	99.764	4660	13	4671	53241	57900	8543	0.0	KP745717.1 Human herpesvirus 5 strain BE/2/2010, complete genome

Donor3:
sacc	pident	length	qstart	qend	sstart	send	bitscore	evalue	stitle
EF999921.1	99.963	2676	1	2676	7158	4483	4937	0.0	EF999921.1 Human herpesvirus 5 strain TB40/E clone TB40-BAC4, complete sequence
KF297339.1	99.963	2676	1	2676	211500	208825	4937	0.0	KF297339.1 Human herpesvirus 5 strain TB40/E clone Lisa, complete genome
MT070140.1	99.963	2676	1	2676	209641	206966	4937	0.0	MT070140.1 UNVERIFIED: Human betaherpesvirus 5 isolate P10, complete genome
MW439039.1	99.963	2676	1	2676	210300	207625	4937	0.0	MW439039.1 Human betaherpesvirus 5 strain TB40/EE, complete genome
MW439038.1	99.963	2676	1	2676	210297	207622	4937	0.0	MW439038.1 Human betaherpesvirus 5 strain TB40/EF, complete genome
KJ361957.1	99.925	2676	1	2676	208945	206270	4931	0.0	KJ361957.1 Human herpesvirus 5 strain HAN39, complete genome
KJ361947.1	99.925	2676	1	2676	209550	206875	4931	0.0	KJ361947.1 Human herpesvirus 5 strain 2CEN5, complete genome
KP745691.1	99.925	2676	1	2676	209021	206346	4931	0.0	KP745691.1 Human herpesvirus 5 strain CZ/1/2013, complete genome
KP745685.1	99.925	2676	1	2676	208505	205830	4931	0.0	KP745685.1 Human herpesvirus 5 strain CZ/3/2012, complete genome
KP745654.1	99.925	2676	1	2676	209057	206382	4931	0.0	KP745654.1 Human herpesvirus 5 strain BE/19/2011, complete genome
